This is pdfTeX, Version 3.14159265-2.6-1.40.17 (TeX Live 2016) (preloaded format=pdflatex 2016.5.22)  5 APR 2018 23:16
entering extended mode
 restricted \write18 enabled.
 file:line:error style messages enabled.
 %&-line parsing enabled.
**brownthesis.cls
(./brownthesis.cls
LaTeX2e <2016/03/31>
Babel <3.9r> and hyphenation patterns for 83 language(s) loaded.

LaTeX Warning: You have requested package `',
               but the package provides `brownthesis'.

Package: brownthesis 1998/16/12 v1.51 Brown University PhD Thesis Class

./brownthesis.cls:7: LaTeX Error: Missing \begin{document}.

See the LaTeX manual or LaTeX Companion for explanation.
Type  H <return>  for immediate help.
 ...                                              
                                                  
l.7 \newif\if@
              draft
? 
./brownthesis.cls:7: Emergency stop.
 ...                                              
                                                  
l.7 \newif\if@
              draft
You're in trouble here.  Try typing  <return>  to proceed.
If that doesn't work, type  X <return>  to quit.

 
Here is how much of TeX's memory you used:
 12 strings out of 493014
 313 string characters out of 6133351
 53601 words of memory out of 5000000
 3653 multiletter control sequences out of 15000+600000
 3640 words of font info for 14 fonts, out of 8000000 for 9000
 1141 hyphenation exceptions out of 8191
 7i,0n,8p,120b,14s stack positions out of 5000i,500n,10000p,200000b,80000s
./brownthesis.cls:7:  ==> Fatal error occurred, no output PDF file produced!
