\BOOKMARK [0][-]{chapter.1}{Introduction}{}% 1
\BOOKMARK [1][-]{section.1.1}{Motivation}{chapter.1}% 2
\BOOKMARK [1][-]{section.1.2}{Problem Statement}{chapter.1}% 3
\BOOKMARK [1][-]{section.1.3}{Coreference Systems}{chapter.1}% 4
\BOOKMARK [2][-]{subsection.1.3.1}{Mention Detection}{section.1.3}% 5
\BOOKMARK [2][-]{subsection.1.3.2}{Coreference Resolution}{section.1.3}% 6
\BOOKMARK [0][-]{chapter.2}{Related}{}% 7
\BOOKMARK [1][-]{section.2.1}{Motivation}{chapter.2}% 8
\BOOKMARK [1][-]{section.2.2}{Deep Learning Approaches}{chapter.2}% 9
\BOOKMARK [2][-]{subsection.2.2.1}{Coreference Resolution for Entities}{section.2.2}% 10
\BOOKMARK [2][-]{subsection.2.2.2}{Systems using ECB+ Corpus}{section.2.2}% 11
\BOOKMARK [0][-]{chapter.3}{Corpora}{}% 12
\BOOKMARK [1][-]{section.3.1}{Event Coreference Corpora}{chapter.3}% 13
\BOOKMARK [2][-]{subsection.3.1.1}{ECB: EventCorefBank}{section.3.1}% 14
\BOOKMARK [2][-]{subsection.3.1.2}{EECB: Extended ECB}{section.3.1}% 15
\BOOKMARK [2][-]{subsection.3.1.3}{ECB+: EventCorefBank+}{section.3.1}% 16
\BOOKMARK [0][-]{chapter.4}{Event Coreference Resolution}{}% 17
\BOOKMARK [1][-]{section.4.1}{Initial Approaches}{chapter.4}% 18
\BOOKMARK [1][-]{section.4.2}{CCNN: Conjoined Convolutional Neural Network}{chapter.4}% 19
\BOOKMARK [2][-]{subsection.4.2.1}{Input Features}{section.4.2}% 20
\BOOKMARK [2][-]{subsection.4.2.2}{Architecture}{section.4.2}% 21
\BOOKMARK [2][-]{subsection.4.2.3}{Loss / Optimization}{section.4.2}% 22
\BOOKMARK [1][-]{section.4.3}{Neural Clustering \(NC\)}{chapter.4}% 23
\BOOKMARK [2][-]{subsection.4.3.1}{Existing Clustering Approaches}{section.4.3}% 24
\BOOKMARK [2][-]{subsection.4.3.2}{Our Approach}{section.4.3}% 25
\BOOKMARK [2][-]{subsection.4.3.3}{Architecture}{section.4.3}% 26
\BOOKMARK [2][-]{subsection.4.3.4}{Inference}{section.4.3}% 27
\BOOKMARK [1][-]{section.4.4}{Our Coreference Systems}{chapter.4}% 28
\BOOKMARK [2][-]{subsection.4.4.1}{Training / Development / Testing Data}{section.4.4}% 29
\BOOKMARK [2][-]{subsection.4.4.2}{Within-Document}{section.4.4}% 30
\BOOKMARK [2][-]{subsection.4.4.3}{Cross-Document}{section.4.4}% 31
\BOOKMARK [1][-]{section.4.5}{Results}{chapter.4}% 32
\BOOKMARK [2][-]{subsection.4.5.1}{Comparison to Others' Systems}{section.4.5}% 33
\BOOKMARK [2][-]{subsection.4.5.2}{Error Analysis}{section.4.5}% 34
\BOOKMARK [0][-]{chapter.5}{Proposed Work}{}% 35
\BOOKMARK [1][-]{section.5.1}{Joint Entity and Event Coreference}{chapter.5}% 36
\BOOKMARK [1][-]{section.5.2}{Motivation}{chapter.5}% 37
\BOOKMARK [1][-]{section.5.3}{Related Work}{chapter.5}% 38
\BOOKMARK [1][-]{section.5.4}{Approach}{chapter.5}% 39
\BOOKMARK [2][-]{subsection.5.4.1}{Semantic Trees}{section.5.4}% 40
\BOOKMARK [2][-]{subsection.5.4.2}{Joint Work}{section.5.4}% 41
\BOOKMARK [1][-]{section.5.5}{Comprehensive Coreference: Mention Detection + Coreference}{chapter.5}% 42
\BOOKMARK [1][-]{section.5.6}{Motivation}{chapter.5}% 43
\BOOKMARK [1][-]{section.5.7}{Related Work}{chapter.5}% 44
\BOOKMARK [1][-]{section.5.8}{Approach}{chapter.5}% 45
\BOOKMARK [0][-]{chapter*.11}{Bibliography}{}% 46
